<?xml version="1.0" encoding="UTF-8"?>
<!-- Generated by org.testng.reporters.JUnitXMLReporter -->
<testsuite ignored="0" hostname="DESKTOP-GO17BHH" failures="0" tests="5" name="POMHibridSeleniumProjectFramewordClone" time="30.248" errors="0" timestamp="11 Jul 2021 22:35:53 GMT">
  <testcase classname="com.roma.qa.tastcases.LoginPageTest" name="crmLogoImageTest" time="0.05"/>
  <testcase classname="com.roma.qa.tastcases.LoginPageTest" name="loginBtnMain" time="1.723"/>
  <testcase classname="com.roma.qa.tastcases.LoginPageTest" name="loginPageTitleTest" time="1.7"/>
  <testcase classname="com.roma.qa.tastcases.LoginPageTest" name="fogotPasswordIsDisplayed" time="2.973"/>
  <testcase classname="com.roma.qa.tastcases.LoginPageTest" name="loginTest" time="3.283"/>
</testsuite> <!-- POMHibridSeleniumProjectFramewordClone -->
