<?xml version="1.0" encoding="UTF-8" ?>
<testsuite tests="6" failures="4" name="TestSuite" time="52.756" errors="0" skipped="0">
  <properties>
[...]
</properties>
  <testcase classname="com.roma.qa.tastcases.HomePageTest" name="clickOnCreateNewContactButton" time="2.345"/>
  <testcase classname="com.roma.qa.tastcases.ContactsPageTest" name="verifyContactsPageLabel" time="0.052"/>
  <testcase classname="com.roma.qa.tastcases.CreateNewContactTest" name="validateCreateNewContact" time="12.329">
    <failure message="no such element: Unable to locate element: {&quot;method&quot;:&quot;css selector&quot;,&quot;selector&quot;:&quot;*[name=&apos;first_name&apos;]&quot;}
  (Session info: chrome=91.0.4472.124)
For documentation on this error, please visit: https://www.seleniumhq.org/exceptions/no_such_element.html
Build info: version: &apos;3.141.59&apos;, revision: &apos;e82be7d358&apos;, time: &apos;2018-11-14T08:17:03&apos;
System info: host: &apos;DESKTOP-GO17BHH&apos;, ip: &apos;192.168.0.18&apos;, os.name: &apos;Windows 10&apos;, os.arch: &apos;amd64&apos;, os.version: &apos;10.0&apos;, java.version: &apos;11.0.11&apos;
Driver info: org.openqa.selenium.chrome.ChromeDriver
Capabilities {acceptInsecureCerts: false, browserName: chrome, browserVersion: 91.0.4472.124, chrome: {chromedriverVersion: 91.0.4472.101 (af52a90bf870..., userDataDir: C:\Users\user\AppData\Local...}, goog:chromeOptions: {debuggerAddress: localhost:56281}, javascriptEnabled: true, networkConnectionEnabled: false, pageLoadStrategy: normal, platform: WINDOWS, platformName: WINDOWS, proxy: Proxy(), setWindowRect: true, strictFileInteractability: false, timeouts: {implicit: 0, pageLoad: 300000, script: 30000}, unhandledPromptBehavior: dismiss and notify, webauthn:extension:largeBlob: true, webauthn:virtualAuthenticators: true}
Session ID: 308abef446e14f0a41ae38941764b74a
*** Element info: {Using=name, value=first_name}" type="org.openqa.selenium.NoSuchElementException">org.openqa.selenium.NoSuchElementException: no such element: Unable to locate element: {&quot;method&quot;:&quot;css selector&quot;,&quot;selector&quot;:&quot;*[name=&apos;first_name&apos;]&quot;}
  (Session info: chrome=91.0.4472.124)
For documentation on this error, please visit: https://www.seleniumhq.org/exceptions/no_such_element.html
Build info: version: &apos;3.141.59&apos;, revision: &apos;e82be7d358&apos;, time: &apos;2018-11-14T08:17:03&apos;
System info: host: &apos;DESKTOP-GO17BHH&apos;, ip: &apos;192.168.0.18&apos;, os.name: &apos;Windows 10&apos;, os.arch: &apos;amd64&apos;, os.version: &apos;10.0&apos;, java.version: &apos;11.0.11&apos;
Driver info: org.openqa.selenium.chrome.ChromeDriver
Capabilities {acceptInsecureCerts: false, browserName: chrome, browserVersion: 91.0.4472.124, chrome: {chromedriverVersion: 91.0.4472.101 (af52a90bf870..., userDataDir: C:\Users\user\AppData\Local...}, goog:chromeOptions: {debuggerAddress: localhost:56281}, javascriptEnabled: true, networkConnectionEnabled: false, pageLoadStrategy: normal, platform: WINDOWS, platformName: WINDOWS, proxy: Proxy(), setWindowRect: true, strictFileInteractability: false, timeouts: {implicit: 0, pageLoad: 300000, script: 30000}, unhandledPromptBehavior: dismiss and notify, webauthn:extension:largeBlob: true, webauthn:virtualAuthenticators: true}
Session ID: 308abef446e14f0a41ae38941764b74a
*** Element info: {Using=name, value=first_name}
	at java.base/jdk.internal.reflect.NativeConstructorAccessorImpl.newInstance0(Native Method)
	at java.base/jdk.internal.reflect.NativeConstructorAccessorImpl.newInstance(NativeConstructorAccessorImpl.java:62)
	at java.base/jdk.internal.reflect.DelegatingConstructorAccessorImpl.newInstance(DelegatingConstructorAccessorImpl.java:45)
	at java.base/java.lang.reflect.Constructor.newInstance(Constructor.java:490)
	at org.openqa.selenium.remote.http.W3CHttpResponseCodec.createException(W3CHttpResponseCodec.java:187)
	at org.openqa.selenium.remote.http.W3CHttpResponseCodec.decode(W3CHttpResponseCodec.java:122)
	at org.openqa.selenium.remote.http.W3CHttpResponseCodec.decode(W3CHttpResponseCodec.java:49)
	at org.openqa.selenium.remote.HttpCommandExecutor.execute(HttpCommandExecutor.java:158)
	at org.openqa.selenium.remote.service.DriverCommandExecutor.execute(DriverCommandExecutor.java:83)
	at org.openqa.selenium.remote.RemoteWebDriver.execute(RemoteWebDriver.java:552)
	at org.openqa.selenium.remote.RemoteWebDriver.findElement(RemoteWebDriver.java:323)
	at org.openqa.selenium.remote.RemoteWebDriver.findElementByName(RemoteWebDriver.java:404)
	at org.openqa.selenium.By$ByName.findElement(By.java:284)
	at org.openqa.selenium.remote.RemoteWebDriver.findElement(RemoteWebDriver.java:315)
	at jdk.internal.reflect.GeneratedMethodAccessor3.invoke(Unknown Source)
	at java.base/jdk.internal.reflect.DelegatingMethodAccessorImpl.invoke(DelegatingMethodAccessorImpl.java:43)
	at java.base/java.lang.reflect.Method.invoke(Method.java:566)
	at org.openqa.selenium.support.events.EventFiringWebDriver.lambda$new$1(EventFiringWebDriver.java:105)
	at com.sun.proxy.$Proxy8.findElement(Unknown Source)
	at org.openqa.selenium.support.events.EventFiringWebDriver.findElement(EventFiringWebDriver.java:194)
	at org.openqa.selenium.support.pagefactory.DefaultElementLocator.findElement(DefaultElementLocator.java:69)
	at org.openqa.selenium.support.pagefactory.internal.LocatingElementHandler.invoke(LocatingElementHandler.java:38)
	at com.sun.proxy.$Proxy13.sendKeys(Unknown Source)
	at com.roma.qa.pages.CreateNewContactPage.createNewContact(CreateNewContactPage.java:77)
	at com.roma.qa.tastcases.CreateNewContactTest.validateCreateNewContact(CreateNewContactTest.java:71)
</failure>
    <system-out>Before navigating to: &apos;https://freecrm.com/&apos;
Navigated to: &apos;https://freecrm.com/&apos;
Trying to find element By: By.tagName: button
Found Element By : By.tagName: button
Trying to find element By: By.xpath: //a//span[text()=&apos;Log In&apos;]
Found Element By : By.xpath: //a//span[text()=&apos;Log In&apos;]
Trying to click on: [[ChromeDriver: chrome on WINDOWS (308abef446e14f0a41ae38941764b74a)] -&gt; xpath: //a//span[text()=&apos;Log In&apos;]]
Clicked on: [[ChromeDriver: chrome on WINDOWS (308abef446e14f0a41ae38941764b74a)] -&gt; xpath: //a//span[text()=&apos;Log In&apos;]]
Trying to find element By: By.name: email
Found Element By : By.name: email
Value of the: [[ChromeDriver: chrome on WINDOWS (308abef446e14f0a41ae38941764b74a)] -&gt; name: email]
Element value change to: [[ChromeDriver: chrome on WINDOWS (308abef446e14f0a41ae38941764b74a)] -&gt; name: email]
Trying to find element By: By.name: password
Found Element By : By.name: password
Value of the: [[ChromeDriver: chrome on WINDOWS (308abef446e14f0a41ae38941764b74a)] -&gt; name: password]
Element value change to: [[ChromeDriver: chrome on WINDOWS (308abef446e14f0a41ae38941764b74a)] -&gt; name: password]
Trying to find element By: By.xpath: //form//div//div[3]
Found Element By : By.xpath: //form//div//div[3]
Trying to click on: [[ChromeDriver: chrome on WINDOWS (308abef446e14f0a41ae38941764b74a)] -&gt; xpath: //form//div//div[3]]
Clicked on: [[ChromeDriver: chrome on WINDOWS (308abef446e14f0a41ae38941764b74a)] -&gt; xpath: //form//div//div[3]]
Trying to find element By: By.xpath: //a//span[contains(text(),&apos;Contacts&apos;)]
Found Element By : By.xpath: //a//span[contains(text(),&apos;Contacts&apos;)]
Trying to find element By: By.xpath: //a//span[contains(text(),&apos;Contacts&apos;)]//parent:: a//following-sibling::button
Found Element By : By.xpath: //a//span[contains(text(),&apos;Contacts&apos;)]//parent:: a//following-sibling::button
Trying to click on: [[ChromeDriver: chrome on WINDOWS (308abef446e14f0a41ae38941764b74a)] -&gt; xpath: //a//span[contains(text(),&apos;Contacts&apos;)]//parent:: a//following-sibling::button]
Clicked on: [[ChromeDriver: chrome on WINDOWS (308abef446e14f0a41ae38941764b74a)] -&gt; xpath: //a//span[contains(text(),&apos;Contacts&apos;)]//parent:: a//following-sibling::button]
Trying to find element By: By.name: first_name
Error occured: org.openqa.selenium.NoSuchElementException: no such element: Unable to locate element: {&quot;method&quot;:&quot;css selector&quot;,&quot;selector&quot;:&quot;*[name=&apos;first_name&apos;]&quot;}
  (Session info: chrome=91.0.4472.124)
For documentation on this error, please visit: https://www.seleniumhq.org/exceptions/no_such_element.html
Build info: version: &apos;3.141.59&apos;, revision: &apos;e82be7d358&apos;, time: &apos;2018-11-14T08:17:03&apos;
System info: host: &apos;DESKTOP-GO17BHH&apos;, ip: &apos;192.168.0.18&apos;, os.name: &apos;Windows 10&apos;, os.arch: &apos;amd64&apos;, os.version: &apos;10.0&apos;, java.version: &apos;11.0.11&apos;
Driver info: org.openqa.selenium.chrome.ChromeDriver
Capabilities {acceptInsecureCerts: false, browserName: chrome, browserVersion: 91.0.4472.124, chrome: {chromedriverVersion: 91.0.4472.101 (af52a90bf870..., userDataDir: C:\Users\user\AppData\Local...}, goog:chromeOptions: {debuggerAddress: localhost:56281}, javascriptEnabled: true, networkConnectionEnabled: false, pageLoadStrategy: normal, platform: WINDOWS, platformName: WINDOWS, proxy: Proxy(), setWindowRect: true, strictFileInteractability: false, timeouts: {implicit: 0, pageLoad: 300000, script: 30000}, unhandledPromptBehavior: dismiss and notify, webauthn:extension:largeBlob: true, webauthn:virtualAuthenticators: true}
Session ID: 308abef446e14f0a41ae38941764b74a
*** Element info: {Using=name, value=first_name}
Screenshot taken and saved in directory: C:\Users\user\Documents\Projects\POMHibridSeleniumProjectFramewordClone/screenshots
</system-out>
    <system-err>Starting ChromeDriver 91.0.4472.101 (af52a90bf87030dd1523486a1cd3ae25c5d76c9b-refs/branch-heads/4472@{#1462}) on port 31079
Only local connections are allowed.
Please see https://chromedriver.chromium.org/security-considerations for suggestions on keeping ChromeDriver safe.
ChromeDriver was started successfully.
Jul 12, 2021 12:38:30 AM org.openqa.selenium.remote.ProtocolHandshake createSession
INFO: Detected dialect: W3C
</system-err>
  </testcase>
  <testcase classname="com.roma.qa.tastcases.CreateNewContactTest" name="validateCreateNewContact" time="12.432">
    <failure message="no such element: Unable to locate element: {&quot;method&quot;:&quot;css selector&quot;,&quot;selector&quot;:&quot;*[name=&apos;first_name&apos;]&quot;}
  (Session info: chrome=91.0.4472.124)
For documentation on this error, please visit: https://www.seleniumhq.org/exceptions/no_such_element.html
Build info: version: &apos;3.141.59&apos;, revision: &apos;e82be7d358&apos;, time: &apos;2018-11-14T08:17:03&apos;
System info: host: &apos;DESKTOP-GO17BHH&apos;, ip: &apos;192.168.0.18&apos;, os.name: &apos;Windows 10&apos;, os.arch: &apos;amd64&apos;, os.version: &apos;10.0&apos;, java.version: &apos;11.0.11&apos;
Driver info: org.openqa.selenium.chrome.ChromeDriver
Capabilities {acceptInsecureCerts: false, browserName: chrome, browserVersion: 91.0.4472.124, chrome: {chromedriverVersion: 91.0.4472.101 (af52a90bf870..., userDataDir: C:\Users\user\AppData\Local...}, goog:chromeOptions: {debuggerAddress: localhost:60625}, javascriptEnabled: true, networkConnectionEnabled: false, pageLoadStrategy: normal, platform: WINDOWS, platformName: WINDOWS, proxy: Proxy(), setWindowRect: true, strictFileInteractability: false, timeouts: {implicit: 0, pageLoad: 300000, script: 30000}, unhandledPromptBehavior: dismiss and notify, webauthn:extension:largeBlob: true, webauthn:virtualAuthenticators: true}
Session ID: 9ce16b8159598c2de47270891fc4fea0
*** Element info: {Using=name, value=first_name}" type="org.openqa.selenium.NoSuchElementException">org.openqa.selenium.NoSuchElementException: no such element: Unable to locate element: {&quot;method&quot;:&quot;css selector&quot;,&quot;selector&quot;:&quot;*[name=&apos;first_name&apos;]&quot;}
  (Session info: chrome=91.0.4472.124)
For documentation on this error, please visit: https://www.seleniumhq.org/exceptions/no_such_element.html
Build info: version: &apos;3.141.59&apos;, revision: &apos;e82be7d358&apos;, time: &apos;2018-11-14T08:17:03&apos;
System info: host: &apos;DESKTOP-GO17BHH&apos;, ip: &apos;192.168.0.18&apos;, os.name: &apos;Windows 10&apos;, os.arch: &apos;amd64&apos;, os.version: &apos;10.0&apos;, java.version: &apos;11.0.11&apos;
Driver info: org.openqa.selenium.chrome.ChromeDriver
Capabilities {acceptInsecureCerts: false, browserName: chrome, browserVersion: 91.0.4472.124, chrome: {chromedriverVersion: 91.0.4472.101 (af52a90bf870..., userDataDir: C:\Users\user\AppData\Local...}, goog:chromeOptions: {debuggerAddress: localhost:60625}, javascriptEnabled: true, networkConnectionEnabled: false, pageLoadStrategy: normal, platform: WINDOWS, platformName: WINDOWS, proxy: Proxy(), setWindowRect: true, strictFileInteractability: false, timeouts: {implicit: 0, pageLoad: 300000, script: 30000}, unhandledPromptBehavior: dismiss and notify, webauthn:extension:largeBlob: true, webauthn:virtualAuthenticators: true}
Session ID: 9ce16b8159598c2de47270891fc4fea0
*** Element info: {Using=name, value=first_name}
	at java.base/jdk.internal.reflect.NativeConstructorAccessorImpl.newInstance0(Native Method)
	at java.base/jdk.internal.reflect.NativeConstructorAccessorImpl.newInstance(NativeConstructorAccessorImpl.java:62)
	at java.base/jdk.internal.reflect.DelegatingConstructorAccessorImpl.newInstance(DelegatingConstructorAccessorImpl.java:45)
	at java.base/java.lang.reflect.Constructor.newInstance(Constructor.java:490)
	at org.openqa.selenium.remote.http.W3CHttpResponseCodec.createException(W3CHttpResponseCodec.java:187)
	at org.openqa.selenium.remote.http.W3CHttpResponseCodec.decode(W3CHttpResponseCodec.java:122)
	at org.openqa.selenium.remote.http.W3CHttpResponseCodec.decode(W3CHttpResponseCodec.java:49)
	at org.openqa.selenium.remote.HttpCommandExecutor.execute(HttpCommandExecutor.java:158)
	at org.openqa.selenium.remote.service.DriverCommandExecutor.execute(DriverCommandExecutor.java:83)
	at org.openqa.selenium.remote.RemoteWebDriver.execute(RemoteWebDriver.java:552)
	at org.openqa.selenium.remote.RemoteWebDriver.findElement(RemoteWebDriver.java:323)
	at org.openqa.selenium.remote.RemoteWebDriver.findElementByName(RemoteWebDriver.java:404)
	at org.openqa.selenium.By$ByName.findElement(By.java:284)
	at org.openqa.selenium.remote.RemoteWebDriver.findElement(RemoteWebDriver.java:315)
	at jdk.internal.reflect.GeneratedMethodAccessor3.invoke(Unknown Source)
	at java.base/jdk.internal.reflect.DelegatingMethodAccessorImpl.invoke(DelegatingMethodAccessorImpl.java:43)
	at java.base/java.lang.reflect.Method.invoke(Method.java:566)
	at org.openqa.selenium.support.events.EventFiringWebDriver.lambda$new$1(EventFiringWebDriver.java:105)
	at com.sun.proxy.$Proxy8.findElement(Unknown Source)
	at org.openqa.selenium.support.events.EventFiringWebDriver.findElement(EventFiringWebDriver.java:194)
	at org.openqa.selenium.support.pagefactory.DefaultElementLocator.findElement(DefaultElementLocator.java:69)
	at org.openqa.selenium.support.pagefactory.internal.LocatingElementHandler.invoke(LocatingElementHandler.java:38)
	at com.sun.proxy.$Proxy13.sendKeys(Unknown Source)
	at com.roma.qa.pages.CreateNewContactPage.createNewContact(CreateNewContactPage.java:77)
	at com.roma.qa.tastcases.CreateNewContactTest.validateCreateNewContact(CreateNewContactTest.java:71)
</failure>
    <system-out>Before navigating to: &apos;https://freecrm.com/&apos;
Navigated to: &apos;https://freecrm.com/&apos;
Trying to find element By: By.tagName: button
Found Element By : By.tagName: button
Trying to find element By: By.xpath: //a//span[text()=&apos;Log In&apos;]
Found Element By : By.xpath: //a//span[text()=&apos;Log In&apos;]
Trying to click on: [[ChromeDriver: chrome on WINDOWS (9ce16b8159598c2de47270891fc4fea0)] -&gt; xpath: //a//span[text()=&apos;Log In&apos;]]
Clicked on: [[ChromeDriver: chrome on WINDOWS (9ce16b8159598c2de47270891fc4fea0)] -&gt; xpath: //a//span[text()=&apos;Log In&apos;]]
Trying to find element By: By.name: email
Found Element By : By.name: email
Value of the: [[ChromeDriver: chrome on WINDOWS (9ce16b8159598c2de47270891fc4fea0)] -&gt; name: email]
Element value change to: [[ChromeDriver: chrome on WINDOWS (9ce16b8159598c2de47270891fc4fea0)] -&gt; name: email]
Trying to find element By: By.name: password
Found Element By : By.name: password
Value of the: [[ChromeDriver: chrome on WINDOWS (9ce16b8159598c2de47270891fc4fea0)] -&gt; name: password]
Element value change to: [[ChromeDriver: chrome on WINDOWS (9ce16b8159598c2de47270891fc4fea0)] -&gt; name: password]
Trying to find element By: By.xpath: //form//div//div[3]
Found Element By : By.xpath: //form//div//div[3]
Trying to click on: [[ChromeDriver: chrome on WINDOWS (9ce16b8159598c2de47270891fc4fea0)] -&gt; xpath: //form//div//div[3]]
Clicked on: [[ChromeDriver: chrome on WINDOWS (9ce16b8159598c2de47270891fc4fea0)] -&gt; xpath: //form//div//div[3]]
Trying to find element By: By.xpath: //a//span[contains(text(),&apos;Contacts&apos;)]
Found Element By : By.xpath: //a//span[contains(text(),&apos;Contacts&apos;)]
Trying to find element By: By.xpath: //a//span[contains(text(),&apos;Contacts&apos;)]//parent:: a//following-sibling::button
Found Element By : By.xpath: //a//span[contains(text(),&apos;Contacts&apos;)]//parent:: a//following-sibling::button
Trying to click on: [[ChromeDriver: chrome on WINDOWS (9ce16b8159598c2de47270891fc4fea0)] -&gt; xpath: //a//span[contains(text(),&apos;Contacts&apos;)]//parent:: a//following-sibling::button]
Clicked on: [[ChromeDriver: chrome on WINDOWS (9ce16b8159598c2de47270891fc4fea0)] -&gt; xpath: //a//span[contains(text(),&apos;Contacts&apos;)]//parent:: a//following-sibling::button]
Trying to find element By: By.name: first_name
Error occured: org.openqa.selenium.NoSuchElementException: no such element: Unable to locate element: {&quot;method&quot;:&quot;css selector&quot;,&quot;selector&quot;:&quot;*[name=&apos;first_name&apos;]&quot;}
  (Session info: chrome=91.0.4472.124)
For documentation on this error, please visit: https://www.seleniumhq.org/exceptions/no_such_element.html
Build info: version: &apos;3.141.59&apos;, revision: &apos;e82be7d358&apos;, time: &apos;2018-11-14T08:17:03&apos;
System info: host: &apos;DESKTOP-GO17BHH&apos;, ip: &apos;192.168.0.18&apos;, os.name: &apos;Windows 10&apos;, os.arch: &apos;amd64&apos;, os.version: &apos;10.0&apos;, java.version: &apos;11.0.11&apos;
Driver info: org.openqa.selenium.chrome.ChromeDriver
Capabilities {acceptInsecureCerts: false, browserName: chrome, browserVersion: 91.0.4472.124, chrome: {chromedriverVersion: 91.0.4472.101 (af52a90bf870..., userDataDir: C:\Users\user\AppData\Local...}, goog:chromeOptions: {debuggerAddress: localhost:60625}, javascriptEnabled: true, networkConnectionEnabled: false, pageLoadStrategy: normal, platform: WINDOWS, platformName: WINDOWS, proxy: Proxy(), setWindowRect: true, strictFileInteractability: false, timeouts: {implicit: 0, pageLoad: 300000, script: 30000}, unhandledPromptBehavior: dismiss and notify, webauthn:extension:largeBlob: true, webauthn:virtualAuthenticators: true}
Session ID: 9ce16b8159598c2de47270891fc4fea0
*** Element info: {Using=name, value=first_name}
Screenshot taken and saved in directory: C:\Users\user\Documents\Projects\POMHibridSeleniumProjectFramewordClone/screenshots
</system-out>
    <system-err>Starting ChromeDriver 91.0.4472.101 (af52a90bf87030dd1523486a1cd3ae25c5d76c9b-refs/branch-heads/4472@{#1462}) on port 10582
Only local connections are allowed.
Please see https://chromedriver.chromium.org/security-considerations for suggestions on keeping ChromeDriver safe.
ChromeDriver was started successfully.
Jul 12, 2021 12:38:50 AM org.openqa.selenium.remote.ProtocolHandshake createSession
INFO: Detected dialect: W3C
</system-err>
  </testcase>
  <testcase classname="com.roma.qa.tastcases.CreateNewContactTest" name="validateCreateNewContact" time="12.736">
    <failure message="no such element: Unable to locate element: {&quot;method&quot;:&quot;css selector&quot;,&quot;selector&quot;:&quot;*[name=&apos;first_name&apos;]&quot;}
  (Session info: chrome=91.0.4472.124)
For documentation on this error, please visit: https://www.seleniumhq.org/exceptions/no_such_element.html
Build info: version: &apos;3.141.59&apos;, revision: &apos;e82be7d358&apos;, time: &apos;2018-11-14T08:17:03&apos;
System info: host: &apos;DESKTOP-GO17BHH&apos;, ip: &apos;192.168.0.18&apos;, os.name: &apos;Windows 10&apos;, os.arch: &apos;amd64&apos;, os.version: &apos;10.0&apos;, java.version: &apos;11.0.11&apos;
Driver info: org.openqa.selenium.chrome.ChromeDriver
Capabilities {acceptInsecureCerts: false, browserName: chrome, browserVersion: 91.0.4472.124, chrome: {chromedriverVersion: 91.0.4472.101 (af52a90bf870..., userDataDir: C:\Users\user\AppData\Local...}, goog:chromeOptions: {debuggerAddress: localhost:49555}, javascriptEnabled: true, networkConnectionEnabled: false, pageLoadStrategy: normal, platform: WINDOWS, platformName: WINDOWS, proxy: Proxy(), setWindowRect: true, strictFileInteractability: false, timeouts: {implicit: 0, pageLoad: 300000, script: 30000}, unhandledPromptBehavior: dismiss and notify, webauthn:extension:largeBlob: true, webauthn:virtualAuthenticators: true}
Session ID: 1502665d9d6a5e440af64da9d1f4f861
*** Element info: {Using=name, value=first_name}" type="org.openqa.selenium.NoSuchElementException">org.openqa.selenium.NoSuchElementException: no such element: Unable to locate element: {&quot;method&quot;:&quot;css selector&quot;,&quot;selector&quot;:&quot;*[name=&apos;first_name&apos;]&quot;}
  (Session info: chrome=91.0.4472.124)
For documentation on this error, please visit: https://www.seleniumhq.org/exceptions/no_such_element.html
Build info: version: &apos;3.141.59&apos;, revision: &apos;e82be7d358&apos;, time: &apos;2018-11-14T08:17:03&apos;
System info: host: &apos;DESKTOP-GO17BHH&apos;, ip: &apos;192.168.0.18&apos;, os.name: &apos;Windows 10&apos;, os.arch: &apos;amd64&apos;, os.version: &apos;10.0&apos;, java.version: &apos;11.0.11&apos;
Driver info: org.openqa.selenium.chrome.ChromeDriver
Capabilities {acceptInsecureCerts: false, browserName: chrome, browserVersion: 91.0.4472.124, chrome: {chromedriverVersion: 91.0.4472.101 (af52a90bf870..., userDataDir: C:\Users\user\AppData\Local...}, goog:chromeOptions: {debuggerAddress: localhost:49555}, javascriptEnabled: true, networkConnectionEnabled: false, pageLoadStrategy: normal, platform: WINDOWS, platformName: WINDOWS, proxy: Proxy(), setWindowRect: true, strictFileInteractability: false, timeouts: {implicit: 0, pageLoad: 300000, script: 30000}, unhandledPromptBehavior: dismiss and notify, webauthn:extension:largeBlob: true, webauthn:virtualAuthenticators: true}
Session ID: 1502665d9d6a5e440af64da9d1f4f861
*** Element info: {Using=name, value=first_name}
	at java.base/jdk.internal.reflect.NativeConstructorAccessorImpl.newInstance0(Native Method)
	at java.base/jdk.internal.reflect.NativeConstructorAccessorImpl.newInstance(NativeConstructorAccessorImpl.java:62)
	at java.base/jdk.internal.reflect.DelegatingConstructorAccessorImpl.newInstance(DelegatingConstructorAccessorImpl.java:45)
	at java.base/java.lang.reflect.Constructor.newInstance(Constructor.java:490)
	at org.openqa.selenium.remote.http.W3CHttpResponseCodec.createException(W3CHttpResponseCodec.java:187)
	at org.openqa.selenium.remote.http.W3CHttpResponseCodec.decode(W3CHttpResponseCodec.java:122)
	at org.openqa.selenium.remote.http.W3CHttpResponseCodec.decode(W3CHttpResponseCodec.java:49)
	at org.openqa.selenium.remote.HttpCommandExecutor.execute(HttpCommandExecutor.java:158)
	at org.openqa.selenium.remote.service.DriverCommandExecutor.execute(DriverCommandExecutor.java:83)
	at org.openqa.selenium.remote.RemoteWebDriver.execute(RemoteWebDriver.java:552)
	at org.openqa.selenium.remote.RemoteWebDriver.findElement(RemoteWebDriver.java:323)
	at org.openqa.selenium.remote.RemoteWebDriver.findElementByName(RemoteWebDriver.java:404)
	at org.openqa.selenium.By$ByName.findElement(By.java:284)
	at org.openqa.selenium.remote.RemoteWebDriver.findElement(RemoteWebDriver.java:315)
	at jdk.internal.reflect.GeneratedMethodAccessor3.invoke(Unknown Source)
	at java.base/jdk.internal.reflect.DelegatingMethodAccessorImpl.invoke(DelegatingMethodAccessorImpl.java:43)
	at java.base/java.lang.reflect.Method.invoke(Method.java:566)
	at org.openqa.selenium.support.events.EventFiringWebDriver.lambda$new$1(EventFiringWebDriver.java:105)
	at com.sun.proxy.$Proxy8.findElement(Unknown Source)
	at org.openqa.selenium.support.events.EventFiringWebDriver.findElement(EventFiringWebDriver.java:194)
	at org.openqa.selenium.support.pagefactory.DefaultElementLocator.findElement(DefaultElementLocator.java:69)
	at org.openqa.selenium.support.pagefactory.internal.LocatingElementHandler.invoke(LocatingElementHandler.java:38)
	at com.sun.proxy.$Proxy13.sendKeys(Unknown Source)
	at com.roma.qa.pages.CreateNewContactPage.createNewContact(CreateNewContactPage.java:77)
	at com.roma.qa.tastcases.CreateNewContactTest.validateCreateNewContact(CreateNewContactTest.java:71)
</failure>
    <system-out>Before navigating to: &apos;https://freecrm.com/&apos;
Navigated to: &apos;https://freecrm.com/&apos;
Trying to find element By: By.tagName: button
Found Element By : By.tagName: button
Trying to find element By: By.xpath: //a//span[text()=&apos;Log In&apos;]
Found Element By : By.xpath: //a//span[text()=&apos;Log In&apos;]
Trying to click on: [[ChromeDriver: chrome on WINDOWS (1502665d9d6a5e440af64da9d1f4f861)] -&gt; xpath: //a//span[text()=&apos;Log In&apos;]]
Clicked on: [[ChromeDriver: chrome on WINDOWS (1502665d9d6a5e440af64da9d1f4f861)] -&gt; xpath: //a//span[text()=&apos;Log In&apos;]]
Trying to find element By: By.name: email
Found Element By : By.name: email
Value of the: [[ChromeDriver: chrome on WINDOWS (1502665d9d6a5e440af64da9d1f4f861)] -&gt; name: email]
Element value change to: [[ChromeDriver: chrome on WINDOWS (1502665d9d6a5e440af64da9d1f4f861)] -&gt; name: email]
Trying to find element By: By.name: password
Found Element By : By.name: password
Value of the: [[ChromeDriver: chrome on WINDOWS (1502665d9d6a5e440af64da9d1f4f861)] -&gt; name: password]
Element value change to: [[ChromeDriver: chrome on WINDOWS (1502665d9d6a5e440af64da9d1f4f861)] -&gt; name: password]
Trying to find element By: By.xpath: //form//div//div[3]
Found Element By : By.xpath: //form//div//div[3]
Trying to click on: [[ChromeDriver: chrome on WINDOWS (1502665d9d6a5e440af64da9d1f4f861)] -&gt; xpath: //form//div//div[3]]
Clicked on: [[ChromeDriver: chrome on WINDOWS (1502665d9d6a5e440af64da9d1f4f861)] -&gt; xpath: //form//div//div[3]]
Trying to find element By: By.xpath: //a//span[contains(text(),&apos;Contacts&apos;)]
Found Element By : By.xpath: //a//span[contains(text(),&apos;Contacts&apos;)]
Trying to find element By: By.xpath: //a//span[contains(text(),&apos;Contacts&apos;)]//parent:: a//following-sibling::button
Found Element By : By.xpath: //a//span[contains(text(),&apos;Contacts&apos;)]//parent:: a//following-sibling::button
Trying to click on: [[ChromeDriver: chrome on WINDOWS (1502665d9d6a5e440af64da9d1f4f861)] -&gt; xpath: //a//span[contains(text(),&apos;Contacts&apos;)]//parent:: a//following-sibling::button]
Clicked on: [[ChromeDriver: chrome on WINDOWS (1502665d9d6a5e440af64da9d1f4f861)] -&gt; xpath: //a//span[contains(text(),&apos;Contacts&apos;)]//parent:: a//following-sibling::button]
Trying to find element By: By.name: first_name
Error occured: org.openqa.selenium.NoSuchElementException: no such element: Unable to locate element: {&quot;method&quot;:&quot;css selector&quot;,&quot;selector&quot;:&quot;*[name=&apos;first_name&apos;]&quot;}
  (Session info: chrome=91.0.4472.124)
For documentation on this error, please visit: https://www.seleniumhq.org/exceptions/no_such_element.html
Build info: version: &apos;3.141.59&apos;, revision: &apos;e82be7d358&apos;, time: &apos;2018-11-14T08:17:03&apos;
System info: host: &apos;DESKTOP-GO17BHH&apos;, ip: &apos;192.168.0.18&apos;, os.name: &apos;Windows 10&apos;, os.arch: &apos;amd64&apos;, os.version: &apos;10.0&apos;, java.version: &apos;11.0.11&apos;
Driver info: org.openqa.selenium.chrome.ChromeDriver
Capabilities {acceptInsecureCerts: false, browserName: chrome, browserVersion: 91.0.4472.124, chrome: {chromedriverVersion: 91.0.4472.101 (af52a90bf870..., userDataDir: C:\Users\user\AppData\Local...}, goog:chromeOptions: {debuggerAddress: localhost:49555}, javascriptEnabled: true, networkConnectionEnabled: false, pageLoadStrategy: normal, platform: WINDOWS, platformName: WINDOWS, proxy: Proxy(), setWindowRect: true, strictFileInteractability: false, timeouts: {implicit: 0, pageLoad: 300000, script: 30000}, unhandledPromptBehavior: dismiss and notify, webauthn:extension:largeBlob: true, webauthn:virtualAuthenticators: true}
Session ID: 1502665d9d6a5e440af64da9d1f4f861
*** Element info: {Using=name, value=first_name}
Screenshot taken and saved in directory: C:\Users\user\Documents\Projects\POMHibridSeleniumProjectFramewordClone/screenshots
</system-out>
    <system-err>Starting ChromeDriver 91.0.4472.101 (af52a90bf87030dd1523486a1cd3ae25c5d76c9b-refs/branch-heads/4472@{#1462}) on port 7707
Only local connections are allowed.
Please see https://chromedriver.chromium.org/security-considerations for suggestions on keeping ChromeDriver safe.
ChromeDriver was started successfully.
Jul 12, 2021 12:39:10 AM org.openqa.selenium.remote.ProtocolHandshake createSession
INFO: Detected dialect: W3C
</system-err>
  </testcase>
  <testcase classname="com.roma.qa.tastcases.CreateNewContactTest" name="validateCreateNewContact" time="12.862">
    <failure message="no such element: Unable to locate element: {&quot;method&quot;:&quot;css selector&quot;,&quot;selector&quot;:&quot;*[name=&apos;first_name&apos;]&quot;}
  (Session info: chrome=91.0.4472.124)
For documentation on this error, please visit: https://www.seleniumhq.org/exceptions/no_such_element.html
Build info: version: &apos;3.141.59&apos;, revision: &apos;e82be7d358&apos;, time: &apos;2018-11-14T08:17:03&apos;
System info: host: &apos;DESKTOP-GO17BHH&apos;, ip: &apos;192.168.0.18&apos;, os.name: &apos;Windows 10&apos;, os.arch: &apos;amd64&apos;, os.version: &apos;10.0&apos;, java.version: &apos;11.0.11&apos;
Driver info: org.openqa.selenium.chrome.ChromeDriver
Capabilities {acceptInsecureCerts: false, browserName: chrome, browserVersion: 91.0.4472.124, chrome: {chromedriverVersion: 91.0.4472.101 (af52a90bf870..., userDataDir: C:\Users\user\AppData\Local...}, goog:chromeOptions: {debuggerAddress: localhost:57627}, javascriptEnabled: true, networkConnectionEnabled: false, pageLoadStrategy: normal, platform: WINDOWS, platformName: WINDOWS, proxy: Proxy(), setWindowRect: true, strictFileInteractability: false, timeouts: {implicit: 0, pageLoad: 300000, script: 30000}, unhandledPromptBehavior: dismiss and notify, webauthn:extension:largeBlob: true, webauthn:virtualAuthenticators: true}
Session ID: 25876a7680ee9f5c01f4fa22c44c4923
*** Element info: {Using=name, value=first_name}" type="org.openqa.selenium.NoSuchElementException">org.openqa.selenium.NoSuchElementException: no such element: Unable to locate element: {&quot;method&quot;:&quot;css selector&quot;,&quot;selector&quot;:&quot;*[name=&apos;first_name&apos;]&quot;}
  (Session info: chrome=91.0.4472.124)
For documentation on this error, please visit: https://www.seleniumhq.org/exceptions/no_such_element.html
Build info: version: &apos;3.141.59&apos;, revision: &apos;e82be7d358&apos;, time: &apos;2018-11-14T08:17:03&apos;
System info: host: &apos;DESKTOP-GO17BHH&apos;, ip: &apos;192.168.0.18&apos;, os.name: &apos;Windows 10&apos;, os.arch: &apos;amd64&apos;, os.version: &apos;10.0&apos;, java.version: &apos;11.0.11&apos;
Driver info: org.openqa.selenium.chrome.ChromeDriver
Capabilities {acceptInsecureCerts: false, browserName: chrome, browserVersion: 91.0.4472.124, chrome: {chromedriverVersion: 91.0.4472.101 (af52a90bf870..., userDataDir: C:\Users\user\AppData\Local...}, goog:chromeOptions: {debuggerAddress: localhost:57627}, javascriptEnabled: true, networkConnectionEnabled: false, pageLoadStrategy: normal, platform: WINDOWS, platformName: WINDOWS, proxy: Proxy(), setWindowRect: true, strictFileInteractability: false, timeouts: {implicit: 0, pageLoad: 300000, script: 30000}, unhandledPromptBehavior: dismiss and notify, webauthn:extension:largeBlob: true, webauthn:virtualAuthenticators: true}
Session ID: 25876a7680ee9f5c01f4fa22c44c4923
*** Element info: {Using=name, value=first_name}
	at java.base/jdk.internal.reflect.NativeConstructorAccessorImpl.newInstance0(Native Method)
	at java.base/jdk.internal.reflect.NativeConstructorAccessorImpl.newInstance(NativeConstructorAccessorImpl.java:62)
	at java.base/jdk.internal.reflect.DelegatingConstructorAccessorImpl.newInstance(DelegatingConstructorAccessorImpl.java:45)
	at java.base/java.lang.reflect.Constructor.newInstance(Constructor.java:490)
	at org.openqa.selenium.remote.http.W3CHttpResponseCodec.createException(W3CHttpResponseCodec.java:187)
	at org.openqa.selenium.remote.http.W3CHttpResponseCodec.decode(W3CHttpResponseCodec.java:122)
	at org.openqa.selenium.remote.http.W3CHttpResponseCodec.decode(W3CHttpResponseCodec.java:49)
	at org.openqa.selenium.remote.HttpCommandExecutor.execute(HttpCommandExecutor.java:158)
	at org.openqa.selenium.remote.service.DriverCommandExecutor.execute(DriverCommandExecutor.java:83)
	at org.openqa.selenium.remote.RemoteWebDriver.execute(RemoteWebDriver.java:552)
	at org.openqa.selenium.remote.RemoteWebDriver.findElement(RemoteWebDriver.java:323)
	at org.openqa.selenium.remote.RemoteWebDriver.findElementByName(RemoteWebDriver.java:404)
	at org.openqa.selenium.By$ByName.findElement(By.java:284)
	at org.openqa.selenium.remote.RemoteWebDriver.findElement(RemoteWebDriver.java:315)
	at jdk.internal.reflect.GeneratedMethodAccessor3.invoke(Unknown Source)
	at java.base/jdk.internal.reflect.DelegatingMethodAccessorImpl.invoke(DelegatingMethodAccessorImpl.java:43)
	at java.base/java.lang.reflect.Method.invoke(Method.java:566)
	at org.openqa.selenium.support.events.EventFiringWebDriver.lambda$new$1(EventFiringWebDriver.java:105)
	at com.sun.proxy.$Proxy8.findElement(Unknown Source)
	at org.openqa.selenium.support.events.EventFiringWebDriver.findElement(EventFiringWebDriver.java:194)
	at org.openqa.selenium.support.pagefactory.DefaultElementLocator.findElement(DefaultElementLocator.java:69)
	at org.openqa.selenium.support.pagefactory.internal.LocatingElementHandler.invoke(LocatingElementHandler.java:38)
	at com.sun.proxy.$Proxy13.sendKeys(Unknown Source)
	at com.roma.qa.pages.CreateNewContactPage.createNewContact(CreateNewContactPage.java:77)
	at com.roma.qa.tastcases.CreateNewContactTest.validateCreateNewContact(CreateNewContactTest.java:71)
</failure>
    <system-out>Before navigating to: &apos;https://freecrm.com/&apos;
Navigated to: &apos;https://freecrm.com/&apos;
Trying to find element By: By.tagName: button
Found Element By : By.tagName: button
Trying to find element By: By.xpath: //a//span[text()=&apos;Log In&apos;]
Found Element By : By.xpath: //a//span[text()=&apos;Log In&apos;]
Trying to click on: [[ChromeDriver: chrome on WINDOWS (25876a7680ee9f5c01f4fa22c44c4923)] -&gt; xpath: //a//span[text()=&apos;Log In&apos;]]
Clicked on: [[ChromeDriver: chrome on WINDOWS (25876a7680ee9f5c01f4fa22c44c4923)] -&gt; xpath: //a//span[text()=&apos;Log In&apos;]]
Trying to find element By: By.name: email
Found Element By : By.name: email
Value of the: [[ChromeDriver: chrome on WINDOWS (25876a7680ee9f5c01f4fa22c44c4923)] -&gt; name: email]
Element value change to: [[ChromeDriver: chrome on WINDOWS (25876a7680ee9f5c01f4fa22c44c4923)] -&gt; name: email]
Trying to find element By: By.name: password
Found Element By : By.name: password
Value of the: [[ChromeDriver: chrome on WINDOWS (25876a7680ee9f5c01f4fa22c44c4923)] -&gt; name: password]
Element value change to: [[ChromeDriver: chrome on WINDOWS (25876a7680ee9f5c01f4fa22c44c4923)] -&gt; name: password]
Trying to find element By: By.xpath: //form//div//div[3]
Found Element By : By.xpath: //form//div//div[3]
Trying to click on: [[ChromeDriver: chrome on WINDOWS (25876a7680ee9f5c01f4fa22c44c4923)] -&gt; xpath: //form//div//div[3]]
Clicked on: [[ChromeDriver: chrome on WINDOWS (25876a7680ee9f5c01f4fa22c44c4923)] -&gt; xpath: //form//div//div[3]]
Trying to find element By: By.xpath: //a//span[contains(text(),&apos;Contacts&apos;)]
Found Element By : By.xpath: //a//span[contains(text(),&apos;Contacts&apos;)]
Trying to find element By: By.xpath: //a//span[contains(text(),&apos;Contacts&apos;)]//parent:: a//following-sibling::button
Found Element By : By.xpath: //a//span[contains(text(),&apos;Contacts&apos;)]//parent:: a//following-sibling::button
Trying to click on: [[ChromeDriver: chrome on WINDOWS (25876a7680ee9f5c01f4fa22c44c4923)] -&gt; xpath: //a//span[contains(text(),&apos;Contacts&apos;)]//parent:: a//following-sibling::button]
Clicked on: [[ChromeDriver: chrome on WINDOWS (25876a7680ee9f5c01f4fa22c44c4923)] -&gt; xpath: //a//span[contains(text(),&apos;Contacts&apos;)]//parent:: a//following-sibling::button]
Trying to find element By: By.name: first_name
Error occured: org.openqa.selenium.NoSuchElementException: no such element: Unable to locate element: {&quot;method&quot;:&quot;css selector&quot;,&quot;selector&quot;:&quot;*[name=&apos;first_name&apos;]&quot;}
  (Session info: chrome=91.0.4472.124)
For documentation on this error, please visit: https://www.seleniumhq.org/exceptions/no_such_element.html
Build info: version: &apos;3.141.59&apos;, revision: &apos;e82be7d358&apos;, time: &apos;2018-11-14T08:17:03&apos;
System info: host: &apos;DESKTOP-GO17BHH&apos;, ip: &apos;192.168.0.18&apos;, os.name: &apos;Windows 10&apos;, os.arch: &apos;amd64&apos;, os.version: &apos;10.0&apos;, java.version: &apos;11.0.11&apos;
Driver info: org.openqa.selenium.chrome.ChromeDriver
Capabilities {acceptInsecureCerts: false, browserName: chrome, browserVersion: 91.0.4472.124, chrome: {chromedriverVersion: 91.0.4472.101 (af52a90bf870..., userDataDir: C:\Users\user\AppData\Local...}, goog:chromeOptions: {debuggerAddress: localhost:57627}, javascriptEnabled: true, networkConnectionEnabled: false, pageLoadStrategy: normal, platform: WINDOWS, platformName: WINDOWS, proxy: Proxy(), setWindowRect: true, strictFileInteractability: false, timeouts: {implicit: 0, pageLoad: 300000, script: 30000}, unhandledPromptBehavior: dismiss and notify, webauthn:extension:largeBlob: true, webauthn:virtualAuthenticators: true}
Session ID: 25876a7680ee9f5c01f4fa22c44c4923
*** Element info: {Using=name, value=first_name}
Screenshot taken and saved in directory: C:\Users\user\Documents\Projects\POMHibridSeleniumProjectFramewordClone/screenshots
</system-out>
    <system-err>Starting ChromeDriver 91.0.4472.101 (af52a90bf87030dd1523486a1cd3ae25c5d76c9b-refs/branch-heads/4472@{#1462}) on port 11322
Only local connections are allowed.
Please see https://chromedriver.chromium.org/security-considerations for suggestions on keeping ChromeDriver safe.
ChromeDriver was started successfully.
Jul 12, 2021 12:39:31 AM org.openqa.selenium.remote.ProtocolHandshake createSession
INFO: Detected dialect: W3C
</system-err>
  </testcase>
</testsuite>