<?xml version="1.0" encoding="UTF-8"?>
<!-- Generated by org.testng.reporters.JUnitXMLReporter -->
<testsuite ignored="0" hostname="DESKTOP-GO17BHH" failures="0" tests="3" name="CRM App Home Page Test" time="20.772" errors="0" timestamp="05 Jul 2021 18:03:04 GMT">
  <testcase classname="com.roma.qa.tastcases.HomePageTest" name="verifyHomePageTitleTest" time="0.004"/>
  <testcase classname="com.roma.qa.tastcases.HomePageTest" name="verifyUseNameTest" time="1.086"/>
  <testcase classname="com.roma.qa.tastcases.HomePageTest" name="verifyContactsLink" time="1.105"/>
</testsuite> <!-- CRM App Home Page Test -->
