<?xml version="1.0" encoding="UTF-8"?>
<!-- Generated by org.testng.reporters.JUnitXMLReporter -->
<testsuite ignored="0" hostname="DESKTOP-GO17BHH" failures="0" tests="5" name="CRM App Login Test" time="26.907" errors="0" timestamp="05 Jul 2021 18:02:43 GMT">
  <testcase classname="com.roma.qa.tastcases.LoginPageTest" name="crmLogoImageTest" time="0.063"/>
  <testcase classname="com.roma.qa.tastcases.LoginPageTest" name="loginBtnMain" time="1.267"/>
  <testcase classname="com.roma.qa.tastcases.LoginPageTest" name="loginPageTitleTest" time="1.202"/>
  <testcase classname="com.roma.qa.tastcases.LoginPageTest" name="fogotPasswordIsDisplayed" time="2.21"/>
  <testcase classname="com.roma.qa.tastcases.LoginPageTest" name="loginTest" time="2.403"/>
</testsuite> <!-- CRM App Login Test -->
